Command line:
   Instructions_ROM_isim_beh.exe
     -simmode  gui
     -simrunnum  0
     -socket  52295

Mon Mar 10 12:57:20 2025


 Elaboration Time: 0.25 sec

 Current Memory Usage: 5811.54 Meg

 Total Signals          : 3
 Total Nets             : 2071
 Total Signal Drivers   : 2
 Total Blocks           : 4
 Total Primitive Blocks : 4
 Total Processes        : 2
 Total Traceable Variables  : 13
 Total Scalar Nets and Variables : 2554
Total Line Count : 21

 Total Simulation Time: 0.28125 sec

 Current Memory Usage: 5811.54 Meg

Mon Mar 10 12:57:29 2025

