--------------------------------------------------------------------------------
Release 14.7 Trace  (nt64)
Copyright (c) 1995-2013 Xilinx, Inc.  All rights reserved.

C:\Xilinx\14.7\ISE_DS\ISE\bin\nt64\unwrapped\trce.exe -intstyle ise -v 3 -s 4
-n 3 -fastpaths -xml top_processor_FPGA.twx top_processor_FPGA.ncd -o
top_processor_FPGA.twr top_processor_FPGA.pcf -ucf top_processor_FPGA.ucf

Design file:              top_processor_FPGA.ncd
Physical constraint file: top_processor_FPGA.pcf
Device,package,speed:     xc3s100e,cp132,-4 (PRODUCTION 1.27 2013-10-13)
Report level:             verbose report

Environment Variable      Effect 
--------------------      ------ 
NONE                      No environment variables were set
--------------------------------------------------------------------------------

INFO:Timing:2698 - No timing constraints found, doing default enumeration.
INFO:Timing:3412 - To improve timing, see the Timing Closure User Guide (UG612).
INFO:Timing:2752 - To get complete path coverage, use the unconstrained paths 
   option. All paths that are not constrained will be reported in the 
   unconstrained paths section(s) of the report.
INFO:Timing:3339 - The clock-to-out numbers in this timing report are based on 
   a 50 Ohm transmission line loading model.  For the details of this model, 
   and for more information on accounting for different loading conditions, 
   please see the device datasheet.
INFO:Timing:3390 - This architecture does not support a default System Jitter 
   value, please add SYSTEM_JITTER constraint to the UCF to modify the Clock 
   Uncertainty calculation.
INFO:Timing:3389 - This architecture does not support 'Discrete Jitter' and 
   'Phase Error' calculations, these terms will be zero in the Clock 
   Uncertainty calculation.  Please make appropriate modification to 
   SYSTEM_JITTER to account for the unsupported Discrete Jitter and Phase 
   Error.



Data Sheet report:
-----------------
All values displayed in nanoseconds (ns)

Clock clk to Pad
------------+------------+------------------+--------+
            | clk (edge) |                  | Clock  |
Destination |   to PAD   |Internal Clock(s) | Phase  |
------------+------------+------------------+--------+
seg_an<0>   |   11.072(R)|clk_BUFGP         |   0.000|
seg_an<1>   |   10.926(R)|clk_BUFGP         |   0.000|
seg_an<2>   |   11.159(R)|clk_BUFGP         |   0.000|
seg_an<3>   |   11.458(R)|clk_BUFGP         |   0.000|
seg_bits<0> |   51.423(R)|clk_BUFGP         |   0.000|
seg_bits<1> |   52.512(R)|clk_BUFGP         |   0.000|
seg_bits<2> |   52.066(R)|clk_BUFGP         |   0.000|
seg_bits<3> |   51.481(R)|clk_BUFGP         |   0.000|
seg_bits<4> |   52.301(R)|clk_BUFGP         |   0.000|
seg_bits<5> |   51.294(R)|clk_BUFGP         |   0.000|
seg_bits<6> |   53.346(R)|clk_BUFGP         |   0.000|
seg_bits<7> |   13.631(R)|clk_BUFGP         |   0.000|
------------+------------+------------------+--------+

Clock next_instr to Pad
------------+------------+------------------+--------+
            | clk (edge) |                  | Clock  |
Destination |   to PAD   |Internal Clock(s) | Phase  |
------------+------------+------------------+--------+
seg_an<0>   |   24.608(R)|next_instr_IBUF   |   0.000|
seg_bits<0> |   64.704(R)|next_instr_IBUF   |   0.000|
seg_bits<1> |   65.793(R)|next_instr_IBUF   |   0.000|
seg_bits<2> |   65.347(R)|next_instr_IBUF   |   0.000|
seg_bits<3> |   64.762(R)|next_instr_IBUF   |   0.000|
seg_bits<4> |   65.582(R)|next_instr_IBUF   |   0.000|
seg_bits<5> |   64.575(R)|next_instr_IBUF   |   0.000|
seg_bits<6> |   66.627(R)|next_instr_IBUF   |   0.000|
seg_bits<7> |   28.222(R)|next_instr_IBUF   |   0.000|
------------+------------+------------------+--------+

Clock to Setup on destination clock clk
---------------+---------+---------+---------+---------+
               | Src:Rise| Src:Fall| Src:Rise| Src:Fall|
Source Clock   |Dest:Rise|Dest:Rise|Dest:Fall|Dest:Fall|
---------------+---------+---------+---------+---------+
clk            |    7.230|         |         |         |
---------------+---------+---------+---------+---------+

Clock to Setup on destination clock next_instr
---------------+---------+---------+---------+---------+
               | Src:Rise| Src:Fall| Src:Rise| Src:Fall|
Source Clock   |Dest:Rise|Dest:Rise|Dest:Fall|Dest:Fall|
---------------+---------+---------+---------+---------+
next_instr     |   15.236|         |         |         |
---------------+---------+---------+---------+---------+


Analysis completed Mon Mar 10 22:41:44 2025 
--------------------------------------------------------------------------------

Trace Settings:
-------------------------
Trace Settings 

Peak Memory Usage: 4501 MB



