Command line:
   tb_top_processor_isim_beh.exe
     -simmode  gui
     -simrunnum  0
     -socket  50848

Mon Mar 10 22:45:05 2025


 Elaboration Time: 0.265625 sec

 Current Memory Usage: 5654.46 Meg

 Total Signals          : 81
 Total Nets             : 2381
 Total Signal Drivers   : 33
 Total Blocks           : 11
 Total Primitive Blocks : 9
 Total Processes        : 27
 Total Traceable Variables  : 14
 Total Scalar Nets and Variables : 2865
Total Line Count : 119

 Total Simulation Time: 0.296875 sec

 Current Memory Usage: 5654.46 Meg

Mon Mar 10 22:45:17 2025

